[INFO  - 2017-11-06T08:09:50.224Z] GhostDriver - Main - running on port 58402
[INFO  - 2017-11-06T08:09:51.250Z] Session [dd247ae0-c2c9-11e7-b55c-13d9fbf65c43] - page.settings - {"XSSAuditingEnabled":false,"javascriptCanCloseWindows":true,"javascriptCanOpenWindows":true,"javascriptEnabled":true,"loadImages":true,"localToRemoteUrlAccessEnabled":false,"userAgent":"Mozilla/5.0 (Windows NT 6.1; WOW64) AppleWebKit/538.1 (KHTML, like Gecko) PhantomJS/2.1.1 Safari/538.1","webSecurityEnabled":true}
[INFO  - 2017-11-06T08:09:51.251Z] Session [dd247ae0-c2c9-11e7-b55c-13d9fbf65c43] - page.customHeaders:  - {}
[INFO  - 2017-11-06T08:09:51.251Z] Session [dd247ae0-c2c9-11e7-b55c-13d9fbf65c43] - Session.negotiatedCapabilities - {"browserName":"phantomjs","version":"2.1.1","driverName":"ghostdriver","driverVersion":"1.2.0","platform":"windows-7-32bit","javascriptEnabled":true,"takesScreenshot":true,"handlesAlerts":false,"databaseEnabled":false,"locationContextEnabled":false,"applicationCacheEnabled":false,"browserConnectionEnabled":false,"cssSelectorsEnabled":true,"webStorageEnabled":false,"rotatable":false,"acceptSslCerts":false,"nativeEvents":true,"proxy":{"proxyType":"direct"}}
[INFO  - 2017-11-06T08:09:51.251Z] SessionManagerReqHand - _postNewSessionCommand - New Session Created: dd247ae0-c2c9-11e7-b55c-13d9fbf65c43
[ERROR - 2017-11-06T08:09:53.137Z] Session [dd247ae0-c2c9-11e7-b55c-13d9fbf65c43] - page.onError - msg: TypeError: undefined is not an object (evaluating 'browserMatch.browser')

  phantomjs://platform/console++.js:263 in error
[ERROR - 2017-11-06T08:09:53.137Z] Session [dd247ae0-c2c9-11e7-b55c-13d9fbf65c43] - page.onError - stack:
  (anonymous function) (http://wenshu.court.gov.cn/Assets/js/libs/js/framework.js:95)
  o (http://wenshu.court.gov.cn/Assets/js/libs/js/jquery.js:2)
  fireWith (http://wenshu.court.gov.cn/Assets/js/libs/js/jquery.js:2)
  ready (http://wenshu.court.gov.cn/Assets/js/libs/js/jquery.js:2)
  B (http://wenshu.court.gov.cn/Assets/js/libs/js/jquery.js:2)

  phantomjs://platform/console++.js:263 in error
[ERROR - 2017-11-06T08:10:23.683Z] WebElementLocator - _handleLocateCommand - Element(s) NOT Found: GAVE UP. Search Stop Time: 1509955823650

  phantomjs://platform/console++.js:263 in error
[INFO  - 2017-11-06T08:12:22.673Z] SessionManagerReqHand - _cleanupWindowlessSessions - Asynchronous Sessions clean-up phase starting NOW
[INFO  - 2017-11-06T08:17:22.677Z] SessionManagerReqHand - _cleanupWindowlessSessions - Asynchronous Sessions clean-up phase starting NOW
[INFO  - 2017-11-06T08:22:22.684Z] SessionManagerReqHand - _cleanupWindowlessSessions - Asynchronous Sessions clean-up phase starting NOW
[INFO  - 2017-11-06T08:27:22.684Z] SessionManagerReqHand - _cleanupWindowlessSessions - Asynchronous Sessions clean-up phase starting NOW
[INFO  - 2017-11-06T08:32:22.719Z] SessionManagerReqHand - _cleanupWindowlessSessions - Asynchronous Sessions clean-up phase starting NOW
[INFO  - 2017-11-06T08:37:22.727Z] SessionManagerReqHand - _cleanupWindowlessSessions - Asynchronous Sessions clean-up phase starting NOW
[INFO  - 2017-11-06T08:42:22.733Z] SessionManagerReqHand - _cleanupWindowlessSessions - Asynchronous Sessions clean-up phase starting NOW
[INFO  - 2017-11-06T08:47:22.741Z] SessionManagerReqHand - _cleanupWindowlessSessions - Asynchronous Sessions clean-up phase starting NOW
[INFO  - 2017-11-06T08:52:22.785Z] SessionManagerReqHand - _cleanupWindowlessSessions - Asynchronous Sessions clean-up phase starting NOW
[INFO  - 2017-11-06T08:57:22.785Z] SessionManagerReqHand - _cleanupWindowlessSessions - Asynchronous Sessions clean-up phase starting NOW
[INFO  - 2017-11-06T09:02:22.789Z] SessionManagerReqHand - _cleanupWindowlessSessions - Asynchronous Sessions clean-up phase starting NOW
[INFO  - 2017-11-06T09:07:22.789Z] SessionManagerReqHand - _cleanupWindowlessSessions - Asynchronous Sessions clean-up phase starting NOW
[INFO  - 2017-11-06T09:12:22.798Z] SessionManagerReqHand - _cleanupWindowlessSessions - Asynchronous Sessions clean-up phase starting NOW
[INFO  - 2017-11-06T09:17:22.842Z] SessionManagerReqHand - _cleanupWindowlessSessions - Asynchronous Sessions clean-up phase starting NOW
[INFO  - 2017-11-06T09:22:22.857Z] SessionManagerReqHand - _cleanupWindowlessSessions - Asynchronous Sessions clean-up phase starting NOW
[INFO  - 2017-11-06T09:27:22.870Z] SessionManagerReqHand - _cleanupWindowlessSessions - Asynchronous Sessions clean-up phase starting NOW
[INFO  - 2017-11-06T09:32:22.872Z] SessionManagerReqHand - _cleanupWindowlessSessions - Asynchronous Sessions clean-up phase starting NOW
[INFO  - 2017-11-06T09:37:22.914Z] SessionManagerReqHand - _cleanupWindowlessSessions - Asynchronous Sessions clean-up phase starting NOW
[INFO  - 2017-11-06T09:42:22.926Z] SessionManagerReqHand - _cleanupWindowlessSessions - Asynchronous Sessions clean-up phase starting NOW
[INFO  - 2017-11-06T09:47:22.926Z] SessionManagerReqHand - _cleanupWindowlessSessions - Asynchronous Sessions clean-up phase starting NOW
[INFO  - 2017-11-06T09:52:22.932Z] SessionManagerReqHand - _cleanupWindowlessSessions - Asynchronous Sessions clean-up phase starting NOW
[INFO  - 2017-11-06T09:57:22.934Z] SessionManagerReqHand - _cleanupWindowlessSessions - Asynchronous Sessions clean-up phase starting NOW
[INFO  - 2017-11-06T10:02:22.967Z] SessionManagerReqHand - _cleanupWindowlessSessions - Asynchronous Sessions clean-up phase starting NOW
s - Asynchronous Sessions clean-up phase starting NOW
