[DEBUG][<module>][2017-09-27 11:30:35,088]this is a debug msg!
[INFO][<module>][2017-09-27 11:30:35,088]this is a info msg!
[WARNING][<module>][2017-09-27 11:30:35,088]this is a warn msg!
[ERROR][<module>][2017-09-27 11:30:35,088]this is a error msg!
[CRITICAL][<module>][2017-09-27 11:30:35,088]this is a critical msg!
[DEBUG][<module>][2017-09-27 11:31:26,923]this is a debug msg!
[INFO][<module>][2017-09-27 11:31:26,923]this is a info msg!
[WARNING][<module>][2017-09-27 11:31:26,924]this is a warn msg!
[ERROR][<module>][2017-09-27 11:31:26,924]this is a error msg!
[CRITICAL][<module>][2017-09-27 11:31:26,924]this is a critical msg!
[DEBUG][<module>][2017-09-27 11:55:08,707]this is a debug msg!
[INFO][<module>][2017-09-27 11:55:08,707]this is a info msg!
[WARNING][<module>][2017-09-27 11:55:08,707]this is a warn msg!
[ERROR][<module>][2017-09-27 11:55:08,707]this is a error msg!
[CRITICAL][<module>][2017-09-27 11:55:08,707]this is a critical msg!
[DEBUG][<module>][2017-09-27 12:12:07,717]this is a debug msg!
[INFO][<module>][2017-09-27 12:12:07,717]this is a info msg!
[WARNING][<module>][2017-09-27 12:12:07,717]this is a warn msg!
[ERROR][<module>][2017-09-27 12:12:07,719]this is a error msg!
[CRITICAL][<module>][2017-09-27 12:12:07,719]this is a critical msg!
[DEBUG][inner][2017-09-27 12:12:07,719]this is a decottt msg!
[DEBUG][<module>][2017-09-27 15:58:28,046]this is a debug msg!
[INFO][<module>][2017-09-27 15:58:28,065]this is a info msg!
[WARNING][<module>][2017-09-27 15:58:28,065]this is a warn msg!
[ERROR][<module>][2017-09-27 15:58:28,065]this is a error msg!
[CRITICAL][<module>][2017-09-27 15:58:28,065]this is a critical msg!
[DEBUG][<module>][2017-09-29 09:47:07,767]this is a debug msg!
[INFO][<module>][2017-09-29 09:47:07,782]this is a info msg!
[WARNING][<module>][2017-09-29 09:47:07,782]this is a warn msg!
[ERROR][<module>][2017-09-29 09:47:07,782]this is a error msg!
[CRITICAL][<module>][2017-09-29 09:47:07,782]this is a critical msg!
[DEBUG][<module>][2017-09-29 09:51:07,358]this is a debug msg!
[INFO][<module>][2017-09-29 09:51:07,358]this is a info msg!
[WARNING][<module>][2017-09-29 09:51:07,358]this is a warn msg!
[ERROR][<module>][2017-09-29 09:51:07,358]this is a error msg!
[CRITICAL][<module>][2017-09-29 09:51:07,358]this is a critical msg!
[DEBUG][<module>][2017-09-29 11:15:26,089]this is a debug msg!
[INFO][<module>][2017-09-29 11:15:26,091]this is a info msg!
[WARNING][<module>][2017-09-29 11:15:26,091]this is a warn msg!
[ERROR][<module>][2017-09-29 11:15:26,091]this is a error msg!
[CRITICAL][<module>][2017-09-29 11:15:26,091]this is a critical msg!
