[DEBUG][<module>][2017-09-27 11:40:44,290]this is a debug msg!
[INFO][<module>][2017-09-27 11:40:44,292]this is a info msg!
[WARNING][<module>][2017-09-27 11:40:44,292]this is a warn msg!
[ERROR][<module>][2017-09-27 11:40:44,292]this is a error msg!
[CRITICAL][<module>][2017-09-27 11:40:44,293]this is a critical msg!
[DEBUG][<module>][2017-09-27 11:42:20,282]this is a debug msg!
[INFO][<module>][2017-09-27 11:42:20,282]this is a info msg!
[WARNING][<module>][2017-09-27 11:42:20,282]this is a warn msg!
[ERROR][<module>][2017-09-27 11:42:20,282]this is a error msg!
[CRITICAL][<module>][2017-09-27 11:42:20,282]this is a critical msg!
[DEBUG][<module>][2017-09-27 11:54:42,059]this is a debug msg!
[INFO][<module>][2017-09-27 11:54:42,059]this is a info msg!
[WARNING][<module>][2017-09-27 11:54:42,059]this is a warn msg!
[ERROR][<module>][2017-09-27 11:54:42,061]this is a error msg!
[CRITICAL][<module>][2017-09-27 11:54:42,061]this is a critical msg!
[DEBUG][<module>][2017-09-29 09:43:05,338]this is a debug msg!
[INFO][<module>][2017-09-29 09:43:05,365]this is a info msg!
[WARNING][<module>][2017-09-29 09:43:05,365]this is a warn msg!
[ERROR][<module>][2017-09-29 09:43:05,365]this is a error msg!
[CRITICAL][<module>][2017-09-29 09:43:05,365]this is a critical msg!
